essaie/essaie/build/app/intermediates/manifest_merge_blame_file/debug/processDebugMainManifest/manifest-merger-blame-debug-report.txt
1<?xml version="1.0" encoding="utf-8"?>
2<manifest xmlns:android="http://schemas.android.com/apk/res/android"
3    package="com.example.essaie"
4    android:versionCode="1"
5    android:versionName="1.0.0" >
6
7    <uses-sdk
8        android:minSdkVersion="21"
9        android:targetSdkVersion="35" />
10    <!--
11         The INTERNET permission is required for development. Specifically,
12         the Flutter tool needs it to communicate with the running application
13         to allow setting breakpoints, to provide hot reload, etc.
14    -->
15    <uses-permission android:name="android.permission.INTERNET" />
15-->src\debug\AndroidManifest.xml:6:5-66
15-->src\debug\AndroidManifest.xml:6:22-64
16    <!--
17     Required to query activities that can process text, see:
18         https://developer.android.com/training/package-visibility and
19         https://developer.android.com/reference/android/content/Intent#ACTION_PROCESS_TEXT.
20
21         In particular, this is used by the Flutter engine in io.flutter.plugin.text.ProcessTextPlugin.
22    -->
23    <queries>
23-->src\main\AndroidManifest.xml:39:5-44:15
24        <intent>
24-->src\main\AndroidManifest.xml:40:9-43:18
25            <action android:name="android.intent.action.PROCESS_TEXT" />
25-->src\main\AndroidManifest.xml:41:13-72
25-->src\main\AndroidManifest.xml:41:21-70
26
27            <data android:mimeType="text/plain" />
27-->src\main\AndroidManifest.xml:42:13-50
27-->src\main\AndroidManifest.xml:42:19-48
28        </intent>
29    </queries>
30
31    <uses-permission android:name="android.permission.ACCESS_NETWORK_STATE" />
31-->[:connectivity_plus] AndroidManifest.xml:7:5-79
31-->[:connectivity_plus] AndroidManifest.xml:7:22-76
32
33    <permission
33-->[androidx.core:core:1.13.1] AndroidManifest.xml:22:5-24:47
34        android:name="com.example.essaie.DYNAMIC_RECEIVER_NOT_EXPORTED_PERMISSION"
34-->[androidx.core:core:1.13.1] AndroidManifest.xml:23:9-81
35        android:protectionLevel="signature" />
35-->[androidx.core:core:1.13.1] AndroidManifest.xml:24:9-44
36
37    <uses-permission android:name="com.example.essaie.DYNAMIC_RECEIVER_NOT_EXPORTED_PERMISSION" />
37-->[androidx.core:core:1.13.1] AndroidManifest.xml:26:5-97
37-->[androidx.core:core:1.13.1] AndroidManifest.xml:26:22-94
38
39    <application
40        android:name="android.app.Application"
41        android:appComponentFactory="androidx.core.app.CoreComponentFactory"
41-->[androidx.core:core:1.13.1] AndroidManifest.xml:28:18-86
42        android:debuggable="true"
43        android:extractNativeLibs="true"
44        android:icon="@mipmap/ic_launcher"
45        android:label="essaie" >
46        <activity
47            android:name="com.example.essaie.MainActivity"
48            android:configChanges="orientation|keyboardHidden|keyboard|screenSize|smallestScreenSize|locale|layoutDirection|fontScale|screenLayout|density|uiMode"
49            android:exported="true"
50            android:hardwareAccelerated="true"
51            android:launchMode="singleTop"
52            android:taskAffinity=""
53            android:theme="@style/LaunchTheme"
54            android:windowSoftInputMode="adjustResize" >
55
56            <!--
57                 Specifies an Android theme to apply to this Activity as soon as
58                 the Android process has started. This theme is visible to the user
59                 while the Flutter UI initializes. After that, this theme continues
60                 to determine the Window background behind the Flutter UI.
61            -->
62            <meta-data
63                android:name="io.flutter.embedding.android.NormalTheme"
64                android:resource="@style/NormalTheme" />
65
66            <intent-filter>
67                <action android:name="android.intent.action.MAIN" />
68
69                <category android:name="android.intent.category.LAUNCHER" />
70            </intent-filter>
71        </activity>
72        <!--
73             Don't delete the meta-data below.
74             This is used by the Flutter tool to generate GeneratedPluginRegistrant.java
75        -->
76        <meta-data
77            android:name="flutterEmbedding"
78            android:value="2" />
79        <!--
80           Declares a provider which allows us to store files to share in
81           '.../caches/share_plus' and grant the receiving action access
82        -->
83        <provider
83-->[:share_plus] AndroidManifest.xml:13:9-21:20
84            android:name="dev.fluttercommunity.plus.share.ShareFileProvider"
84-->[:share_plus] AndroidManifest.xml:14:13-77
85            android:authorities="com.example.essaie.flutter.share_provider"
85-->[:share_plus] AndroidManifest.xml:15:13-74
86            android:exported="false"
86-->[:share_plus] AndroidManifest.xml:16:13-37
87            android:grantUriPermissions="true" >
87-->[:share_plus] AndroidManifest.xml:17:13-47
88            <meta-data
88-->[:share_plus] AndroidManifest.xml:18:13-20:68
89                android:name="android.support.FILE_PROVIDER_PATHS"
89-->[:share_plus] AndroidManifest.xml:19:17-67
90                android:resource="@xml/flutter_share_file_paths" />
90-->[:share_plus] AndroidManifest.xml:20:17-65
91        </provider>
92        <!--
93           This manifest declared broadcast receiver allows us to use an explicit
94           Intent when creating a PendingItent to be informed of the user's choice
95        -->
96        <receiver
96-->[:share_plus] AndroidManifest.xml:26:9-32:20
97            android:name="dev.fluttercommunity.plus.share.SharePlusPendingIntent"
97-->[:share_plus] AndroidManifest.xml:27:13-82
98            android:exported="false" >
98-->[:share_plus] AndroidManifest.xml:28:13-37
99            <intent-filter>
99-->[:share_plus] AndroidManifest.xml:29:13-31:29
100                <action android:name="EXTRA_CHOSEN_COMPONENT" />
100-->[:share_plus] AndroidManifest.xml:30:17-65
100-->[:share_plus] AndroidManifest.xml:30:25-62
101            </intent-filter>
102        </receiver>
103
104        <activity
104-->[:url_launcher_android] AndroidManifest.xml:8:9-11:74
105            android:name="io.flutter.plugins.urllauncher.WebViewActivity"
105-->[:url_launcher_android] AndroidManifest.xml:9:13-74
106            android:exported="false"
106-->[:url_launcher_android] AndroidManifest.xml:10:13-37
107            android:theme="@android:style/Theme.NoTitleBar.Fullscreen" />
107-->[:url_launcher_android] AndroidManifest.xml:11:13-71
108
109        <provider
109-->[:printing] AndroidManifest.xml:8:9-16:20
110            android:name="net.nfet.flutter.printing.PrintFileProvider"
110-->[:printing] AndroidManifest.xml:9:13-71
111            android:authorities="com.example.essaie.flutter.printing"
111-->[:printing] AndroidManifest.xml:10:13-68
112            android:exported="false"
112-->[:printing] AndroidManifest.xml:11:13-37
113            android:grantUriPermissions="true" >
113-->[:printing] AndroidManifest.xml:12:13-47
114            <meta-data
114-->[:share_plus] AndroidManifest.xml:18:13-20:68
115                android:name="android.support.FILE_PROVIDER_PATHS"
115-->[:share_plus] AndroidManifest.xml:19:17-67
116                android:resource="@xml/flutter_printing_file_paths" />
116-->[:share_plus] AndroidManifest.xml:20:17-65
117        </provider>
118
119        <uses-library
119-->[androidx.window:window:1.2.0] AndroidManifest.xml:23:9-25:40
120            android:name="androidx.window.extensions"
120-->[androidx.window:window:1.2.0] AndroidManifest.xml:24:13-54
121            android:required="false" />
121-->[androidx.window:window:1.2.0] AndroidManifest.xml:25:13-37
122        <uses-library
122-->[androidx.window:window:1.2.0] AndroidManifest.xml:26:9-28:40
123            android:name="androidx.window.sidecar"
123-->[androidx.window:window:1.2.0] AndroidManifest.xml:27:13-51
124            android:required="false" />
124-->[androidx.window:window:1.2.0] AndroidManifest.xml:28:13-37
125
126        <provider
126-->[androidx.lifecycle:lifecycle-process:2.7.0] AndroidManifest.xml:24:9-32:20
127            android:name="androidx.startup.InitializationProvider"
127-->[androidx.lifecycle:lifecycle-process:2.7.0] AndroidManifest.xml:25:13-67
128            android:authorities="com.example.essaie.androidx-startup"
128-->[androidx.lifecycle:lifecycle-process:2.7.0] AndroidManifest.xml:26:13-68
129            android:exported="false" >
129-->[androidx.lifecycle:lifecycle-process:2.7.0] AndroidManifest.xml:27:13-37
130            <meta-data
130-->[androidx.lifecycle:lifecycle-process:2.7.0] AndroidManifest.xml:29:13-31:52
131                android:name="androidx.lifecycle.ProcessLifecycleInitializer"
131-->[androidx.lifecycle:lifecycle-process:2.7.0] AndroidManifest.xml:30:17-78
132                android:value="androidx.startup" />
132-->[androidx.lifecycle:lifecycle-process:2.7.0] AndroidManifest.xml:31:17-49
133            <meta-data
133-->[androidx.profileinstaller:profileinstaller:1.3.1] AndroidManifest.xml:29:13-31:52
134                android:name="androidx.profileinstaller.ProfileInstallerInitializer"
134-->[androidx.profileinstaller:profileinstaller:1.3.1] AndroidManifest.xml:30:17-85
135                android:value="androidx.startup" />
135-->[androidx.profileinstaller:profileinstaller:1.3.1] AndroidManifest.xml:31:17-49
136        </provider>
137
138        <receiver
138-->[androidx.profileinstaller:profileinstaller:1.3.1] AndroidManifest.xml:34:9-52:20
139            android:name="androidx.profileinstaller.ProfileInstallReceiver"
139-->[androidx.profileinstaller:profileinstaller:1.3.1] AndroidManifest.xml:35:13-76
140            android:directBootAware="false"
140-->[androidx.profileinstaller:profileinstaller:1.3.1] AndroidManifest.xml:36:13-44
141            android:enabled="true"
141-->[androidx.profileinstaller:profileinstaller:1.3.1] AndroidManifest.xml:37:13-35
142            android:exported="true"
142-->[androidx.profileinstaller:profileinstaller:1.3.1] AndroidManifest.xml:38:13-36
143            android:permission="android.permission.DUMP" >
143-->[androidx.profileinstaller:profileinstaller:1.3.1] AndroidManifest.xml:39:13-57
144            <intent-filter>
144-->[androidx.profileinstaller:profileinstaller:1.3.1] AndroidManifest.xml:40:13-42:29
145                <action android:name="androidx.profileinstaller.action.INSTALL_PROFILE" />
145-->[androidx.profileinstaller:profileinstaller:1.3.1] AndroidManifest.xml:41:17-91
145-->[androidx.profileinstaller:profileinstaller:1.3.1] AndroidManifest.xml:41:25-88
146            </intent-filter>
147            <intent-filter>
147-->[androidx.profileinstaller:profileinstaller:1.3.1] AndroidManifest.xml:43:13-45:29
148                <action android:name="androidx.profileinstaller.action.SKIP_FILE" />
148-->[androidx.profileinstaller:profileinstaller:1.3.1] AndroidManifest.xml:44:17-85
148-->[androidx.profileinstaller:profileinstaller:1.3.1] AndroidManifest.xml:44:25-82
149            </intent-filter>
150            <intent-filter>
150-->[androidx.profileinstaller:profileinstaller:1.3.1] AndroidManifest.xml:46:13-48:29
151                <action android:name="androidx.profileinstaller.action.SAVE_PROFILE" />
151-->[androidx.profileinstaller:profileinstaller:1.3.1] AndroidManifest.xml:47:17-88
151-->[androidx.profileinstaller:profileinstaller:1.3.1] AndroidManifest.xml:47:25-85
152            </intent-filter>
153            <intent-filter>
153-->[androidx.profileinstaller:profileinstaller:1.3.1] AndroidManifest.xml:49:13-51:29
154                <action android:name="androidx.profileinstaller.action.BENCHMARK_OPERATION" />
154-->[androidx.profileinstaller:profileinstaller:1.3.1] AndroidManifest.xml:50:17-95
154-->[androidx.profileinstaller:profileinstaller:1.3.1] AndroidManifest.xml:50:25-92
155            </intent-filter>
156        </receiver>
157    </application>
158
159</manifest>